<?xml version="1.0" encoding="UTF-8"?>
<!-- Generated by org.testng.reporters.JUnitXMLReporter -->
<testsuite hostname="CSCINDAF026575" ignored="0" name="Test" tests="1" failures="1" timestamp="22 Jul 2017 07:20:01 GMT" time="20.217" errors="0">
  <testcase name="naukriUpdateprof" time="20.154" classname="com.dxc.Nauktest.testScripts.Naukriupdate">
    <failure type="org.openqa.selenium.TimeoutException" message="Expected condition failed: waiting for presence of element located by: By.xpath: html/body/div[2]/div/ul[2]/li[2]/a/div[1]/span (tried for 10 second(s) with 500 MILLISECONDS interval)">
      <![CDATA[org.openqa.selenium.TimeoutException: Expected condition failed: waiting for presence of element located by: By.xpath: html/body/div[2]/div/ul[2]/li[2]/a/div[1]/span (tried for 10 second(s) with 500 MILLISECONDS interval)
	at org.openqa.selenium.support.ui.WebDriverWait.timeoutException(WebDriverWait.java:80)
	at org.openqa.selenium.support.ui.FluentWait.until(FluentWait.java:232)
	at com.dxc.Nauktest.testScripts.Naukriupdate.naukriUpdateprof(Naukriupdate.java:40)
Caused by: org.openqa.selenium.NoSuchElementException: Cannot locate an element using By.xpath: html/body/div[2]/div/ul[2]/li[2]/a/div[1]/span
For documentation on this error, please visit: http://seleniumhq.org/exceptions/no_such_element.html
Build info: version: '3.3.1', revision: '5234b325d5', time: '2017-03-10 09:10:29 +0000'
System info: host: 'CSCINDAF026575', ip: '192.168.0.4', os.name: 'Windows 7', os.arch: 'x86', os.version: '6.1', java.version: '1.8.0_141'
Driver info: driver.version: unknown
	at org.openqa.selenium.support.ui.ExpectedConditions.lambda$findElement$0(ExpectedConditions.java:883)
	at java.util.Optional.orElseThrow(Optional.java:290)
	at org.openqa.selenium.support.ui.ExpectedConditions.findElement(ExpectedConditions.java:882)
	at org.openqa.selenium.support.ui.ExpectedConditions.access$000(ExpectedConditions.java:44)
	at org.openqa.selenium.support.ui.ExpectedConditions$6.apply(ExpectedConditions.java:183)
	at org.openqa.selenium.support.ui.ExpectedConditions$6.apply(ExpectedConditions.java:180)
	at org.openqa.selenium.support.ui.FluentWait.until(FluentWait.java:209)
	... 26 more
... Removed 25 stack frames]]>
    </failure>
  </testcase> <!-- naukriUpdateprof -->
</testsuite> <!-- Test -->
